<?xml version="1.0" encoding="UTF-8"?>
<!-- Generated by org.testng.reporters.JUnitReportReporter -->
<testsuite hostname="Atharva" failures="0" tests="1" name="testNgpack.ToVerifytheBuyNowoptiononApplicaton" time="40.393" errors="0" timestamp="2023-03-16T16:34:44 IST" skipped="0">
  <testcase classname="testNgpack.ToVerifytheBuyNowoptiononApplicaton" name="test2" time="40.393"/>
  <system-out/>
</testsuite> <!-- testNgpack.ToVerifytheBuyNowoptiononApplicaton -->
