<?xml version="1.0" encoding="UTF-8"?>
<!-- Generated by org.testng.reporters.JUnitReportReporter -->
<testsuite hostname="Atharva" failures="0" tests="1" name="testNgpack.TestClassNg" time="0.005" errors="0" timestamp="2023-03-13T15:28:45 IST" skipped="0">
  <testcase classname="testNgpack.TestClassNg" name="test" time="0.005"/>
  <system-out/>
</testsuite> <!-- testNgpack.TestClassNg -->
