<?xml version="1.0" encoding="UTF-8"?>
<!-- Generated by org.testng.reporters.JUnitReportReporter -->
<testsuite hostname="Atharva" failures="0" tests="3" name="testNgpack.ToVerifySerchBaroption" time="0.000" errors="0" timestamp="2023-03-29T13:35:43 IST" skipped="3">
  <testcase classname="testNgpack.ToVerifySerchBaroption" name="testng" time="0.000">
    <skipped/>
  </testcase> <!-- testng -->
  <system-out/>
  <testcase classname="testNgpack.ToVerifySerchBaroption" name="testng2" time="0.000">
    <skipped/>
  </testcase> <!-- testng2 -->
  <system-out/>
  <testcase classname="testNgpack.ToVerifySerchBaroption" name="testng1" time="0.000">
    <skipped/>
  </testcase> <!-- testng1 -->
  <system-out/>
</testsuite> <!-- testNgpack.ToVerifySerchBaroption -->
