<?xml version="1.0" encoding="UTF-8"?>
<!-- Generated by org.testng.reporters.JUnitReportReporter -->
<testsuite hostname="Atharva" failures="0" tests="1" name="testNgpack.ToVerifytheproductDetails" time="0.000" errors="0" timestamp="2023-09-03T20:01:59 IST" skipped="1">
  <testcase classname="testNgpack.ToVerifytheproductDetails" name="testClass" time="0.000">
    <skipped/>
  </testcase> <!-- testClass -->
  <system-out/>
</testsuite> <!-- testNgpack.ToVerifytheproductDetails -->
