<?xml version="1.0" encoding="UTF-8"?>
<!-- Generated by org.testng.reporters.JUnitReportReporter -->
<testsuite hostname="Atharva" failures="0" tests="2" name="Testng.ToClosetheSignOfPopup" time="25.019" errors="0" timestamp="2023-03-29T13:10:23 IST" skipped="0">
  <testcase classname="Testng.ToClosetheSignOfPopup" name="test" time="14.147"/>
  <system-out/>
  <testcase classname="Testng.ToClosetheSignOfPopup" name="test" time="10.872"/>
  <system-out/>
</testsuite> <!-- Testng.ToClosetheSignOfPopup -->
